<?xml version="1.0" encoding="UTF-8"?>
<!-- Generated by org.testng.reporters.JUnitReportReporter -->
<testsuite skipped="0" hostname="DESKTOP-7VUPEEG" name="MovieCompare.testcases.MovieCompareTest" tests="1" failures="0" timestamp="01 Nov 2022 09:37:17 GMT" time="0.004" errors="0">
  <testcase name="compareCountry" time="0.004" classname="MovieCompare.testcases.MovieCompareTest"/>
</testsuite> <!-- MovieCompare.testcases.MovieCompareTest -->
