<?xml version="1.0" encoding="UTF-8"?>
<!-- Generated by org.testng.reporters.JUnitReportReporter -->
<testsuite skipped="0" hostname="DESKTOP-7VUPEEG" name="MovieCompare.testcases.MovieCompareTest" tests="2" failures="0" timestamp="01 Nov 2022 16:43:18 GMT" time="0.122" errors="0">
  <testcase name="compareCountry" time="0.121" classname="MovieCompare.testcases.MovieCompareTest"/>
  <testcase name="compareDate" time="0.001" classname="MovieCompare.testcases.MovieCompareTest"/>
</testsuite> <!-- MovieCompare.testcases.MovieCompareTest -->
