<?xml version="1.0" encoding="UTF-8"?>
<!-- Generated by org.testng.reporters.JUnitReportReporter -->
<testsuite hostname="DESKTOP-7VUPEEG" failures="0" tests="1" name="MovieCompare.testcases.CompareReleaseDate" time="0.210" errors="0" timestamp="2022-11-04T13:19:06 IST" skipped="0">
  <testcase classname="MovieCompare.testcases.CompareReleaseDate" name="compareDate" time="0.210"/>
  <system-out/>
</testsuite> <!-- MovieCompare.testcases.CompareReleaseDate -->
